<beans xmlns="http://www.springframework.org/schema/beans"
   xmlns:context="http://www.springframework.org/schema/context"
   xmlns:xsi="http://www.w3.org/2001/XMLSchema-instance"
   xmlns:mvc="http://www.springframework.org/schema/mvc"
   xsi:schemaLocation="
		http://www.springframework.org/schema/beans     
		http://www.springframework.org/schema/beans/spring-beans-3.0.xsd
		http://www.springframework.org/schema/context 
		http://www.springframework.org/schema/context/spring-context-3.0.xsd
		http://www.springframework.org/schema/mvc
		http://www.springframework.org/schema/mvc/spring-mvc.xsd">

	<!-- This works, but only if the controllers use @Resource and not @Autowired in their 
		DI annotations. Not sure why. -->
    <bean id="helloMessageRestCall" class="org.mockito.Mockito" factory-method="mock">
    	<constructor-arg value="org.springframework.web.client.RestTemplate" />
	</bean>

    <bean id="synapseClient" class="org.mockito.Mockito" factory-method="mock">
        <constructor-arg value="org.sagebionetworks.client.SynapseClientImpl" />
    </bean>
</beans>
