<beans xmlns="http://www.springframework.org/schema/beans"
   xmlns:context="http://www.springframework.org/schema/context"
   xmlns:xsi="http://www.w3.org/2001/XMLSchema-instance"
   xmlns:mvc="http://www.springframework.org/schema/mvc"
   xsi:schemaLocation="
		http://www.springframework.org/schema/beans     
		http://www.springframework.org/schema/beans/spring-beans-3.0.xsd
		http://www.springframework.org/schema/context 
		http://www.springframework.org/schema/context/spring-context-3.0.xsd
		http://www.springframework.org/schema/mvc
		http://www.springframework.org/schema/mvc/spring-mvc.xsd">

    <import resource="classpath:bridge-webapp-application-context.spb.xml"/>
    
    <!-- These are *definitely* not singletons in the production configuration of the app, be aware of that. -->
    
    <bean id="sageServices" class="org.sagebionetworks.bridge.webapp.SageServicesStub" scope="singleton" factory-method="createInstance"/>
    
    <alias name="sageServices" alias="bridgeClient"/>
    <alias name="sageServices" alias="privateSynapseClient"/>
    <alias name="sageServices" alias="synapseClient"/>
    
</beans>
